<?xml version="1.0" encoding="UTF-8"?>
<!-- Generated by org.testng.reporters.JUnitReportReporter -->
<testsuite skipped="0" hostname="zhoujianping1" name="com.demo.TestDemo" tests="3" failures="0" timestamp="01 三月 2019 02:24:24 GMT" time="94.334" errors="0">
  <testcase name="test" time="32.088" classname="com.demo.TestDemo"/>
  <testcase name="test" time="33.082" classname="com.demo.TestDemo"/>
  <testcase name="test" time="29.164" classname="com.demo.TestDemo"/>
</testsuite> <!-- com.demo.TestDemo -->
